This file contains any messages produced by compilers while
running configure, to aid debugging if configure makes a mistake.

It was created by ffabi configure 0, which was
generated by GNU Autoconf 2.71.  Invocation command line was

  $ ./configure --disable-gui

## --------- ##
## Platform. ##
## --------- ##

hostname = rawserver
uname -m = x86_64
uname -r = 5.14.0-611.27.1.el9_7.x86_64
uname -s = Linux
uname -v = #1 SMP PREEMPT_DYNAMIC Tue Jan 20 05:28:20 EST 2026

/usr/bin/uname -p = x86_64
/bin/uname -X     = unknown

/bin/arch              = x86_64
/usr/bin/arch -k       = unknown
/usr/convex/getsysinfo = unknown
/usr/bin/hostinfo      = unknown
/bin/machine           = unknown
/usr/bin/oslevel       = unknown
/bin/universe          = unknown

PATH: /home/rawserver/.nvm/versions/node/v20.19.5/bin/
PATH: /home/rawserver/.local/bin/
PATH: /home/rawserver/bin/
PATH: /usr/share/Modules/bin/
PATH: /usr/local/bin/
PATH: /usr/local/sbin/
PATH: /usr/bin/
PATH: /usr/sbin/
PATH: /var/lib/snapd/snap/bin/


## ----------- ##
## Core tests. ##
## ----------- ##

configure:2530: loading site script /usr/share/config.site
| # This is the config.site file to satisfy FHS defaults when installing below
| # /usr.
| #
| # You may override this file by your config.site using the CONFIG_SITE env
| # variable.
| #
| # Note: This file includes also RHEL/Fedora fix for installing libraries into
| # "/lib/lib64" on 64bit systems.
| 
| if test -n "$host"; then
|     # skip when cross-compiling
|     return 0
| fi
| 
| if test "$prefix" = /usr \
|    || { test "$prefix" = NONE && test "$ac_default_prefix" = /usr ; }
| then
|     test "$sysconfdir" = '${prefix}/etc' && sysconfdir=/etc
|     test "$sharedstatedir" = '${prefix}/com' && sharedstatedir=/var
|     test "$localstatedir" = '${prefix}/var' && localstatedir=/var
| 
|     ARCH=`uname -m`
|     for i in x86_64 ppc64 s390x aarch64; do
|         if test $ARCH = $i; then
|             test "$libdir" = '${exec_prefix}/lib' && libdir='${exec_prefix}/lib64'
|             break
|         fi
|     done
| fi
configure:3105: looking for aux files: install-sh ltmain.sh config.guess config.sub
configure:3118:  trying ./autoxxx/
configure:3129:   ./autoxxx/install-sh found
configure:3147:   ./autoxxx/ltmain.sh found
configure:3147:   ./autoxxx/config.guess found
configure:3147:   ./autoxxx/config.sub found
configure:3268: checking build system type
configure:3283: result: x86_64-pc-linux-gnu
configure:3303: checking host system type
configure:3317: result: x86_64-pc-linux-gnu
configure:3337: checking target system type
configure:3351: result: x86_64-pc-linux-gnu
configure:3429: checking how to print strings
configure:3456: result: printf
configure:3539: checking for gcc
configure:3560: found /usr/bin/gcc
configure:3571: result: gcc
configure:3924: checking for C compiler version
configure:3933: gcc --version >&5
gcc (GCC) 11.5.0 20240719 (Red Hat 11.5.0-11)
Copyright (C) 2021 Free Software Foundation, Inc.
This is free software; see the source for copying conditions.  There is NO
warranty; not even for MERCHANTABILITY or FITNESS FOR A PARTICULAR PURPOSE.

configure:3944: $? = 0
configure:3933: gcc -v >&5
Using built-in specs.
COLLECT_GCC=gcc
COLLECT_LTO_WRAPPER=/usr/libexec/gcc/x86_64-redhat-linux/11/lto-wrapper
OFFLOAD_TARGET_NAMES=nvptx-none
OFFLOAD_TARGET_DEFAULT=1
Target: x86_64-redhat-linux
Configured with: ../configure --enable-bootstrap --enable-host-pie --enable-host-bind-now --enable-languages=c,c++,fortran,lto --prefix=/usr --mandir=/usr/share/man --infodir=/usr/share/info --with-bugurl=http://bugzilla.redhat.com/bugzilla --enable-shared --enable-threads=posix --enable-checking=release --with-system-zlib --enable-__cxa_atexit --disable-libunwind-exceptions --enable-gnu-unique-object --enable-linker-build-id --with-gcc-major-version-only --enable-plugin --enable-initfini-array --without-isl --enable-multilib --with-linker-hash-style=gnu --enable-offload-targets=nvptx-none --without-cuda-driver --enable-gnu-indirect-function --enable-cet --with-tune=generic --with-arch_64=x86-64-v2 --with-arch_32=x86-64 --build=x86_64-redhat-linux --with-build-config=bootstrap-lto --enable-link-serialization=1
Thread model: posix
Supported LTO compression algorithms: zlib zstd
gcc version 11.5.0 20240719 (Red Hat 11.5.0-11) (GCC) 
... rest of stderr output deleted ...
configure:3944: $? = 0
configure:3933: gcc -V >&5
gcc: error: unrecognized command-line option '-V'
gcc: fatal error: no input files
compilation terminated.
configure:3944: $? = 1
configure:3933: gcc -qversion >&5
gcc: error: unrecognized command-line option '-qversion'; did you mean '--version'?
gcc: fatal error: no input files
compilation terminated.
configure:3944: $? = 1
configure:3933: gcc -version >&5
gcc: error: unrecognized command-line option '-version'
gcc: fatal error: no input files
compilation terminated.
configure:3944: $? = 1
configure:3964: checking whether the C compiler works
configure:3986: gcc    conftest.c  >&5
configure:3990: $? = 0
configure:4040: result: yes
configure:4043: checking for C compiler default output file name
configure:4045: result: a.out
configure:4051: checking for suffix of executables
configure:4058: gcc -o conftest    conftest.c  >&5
configure:4062: $? = 0
configure:4085: result: 
configure:4107: checking whether we are cross compiling
configure:4115: gcc -o conftest    conftest.c  >&5
configure:4119: $? = 0
configure:4126: ./conftest
configure:4130: $? = 0
configure:4145: result: no
configure:4150: checking for suffix of object files
configure:4173: gcc -c   conftest.c >&5
configure:4177: $? = 0
configure:4199: result: o
configure:4203: checking whether the compiler supports GNU C
configure:4223: gcc -c   conftest.c >&5
configure:4223: $? = 0
configure:4233: result: yes
configure:4244: checking whether gcc accepts -g
configure:4265: gcc -c -g  conftest.c >&5
configure:4265: $? = 0
configure:4309: result: yes
configure:4329: checking for gcc option to enable C11 features
configure:4344: gcc  -c -g -O2  conftest.c >&5
configure:4344: $? = 0
configure:4362: result: none needed
configure:4472: checking for a sed that does not truncate output
configure:4542: result: /usr/bin/sed
configure:4560: checking for grep that handles long lines and -e
configure:4624: result: /usr/bin/grep
configure:4629: checking for egrep
configure:4697: result: /usr/bin/grep -E
configure:4702: checking for fgrep
configure:4770: result: /usr/bin/grep -F
configure:4806: checking for ld used by gcc
configure:4874: result: /usr/bin/ld
configure:4881: checking if the linker (/usr/bin/ld) is GNU ld
configure:4897: result: yes
configure:4909: checking for BSD- or MS-compatible name lister (nm)
configure:4964: result: /usr/bin/nm -B
configure:5104: checking the name lister (/usr/bin/nm -B) interface
configure:5112: gcc -c -g -O2  conftest.c >&5
configure:5115: /usr/bin/nm -B "conftest.o"
configure:5118: output
0000000000000000 B some_variable
configure:5125: result: BSD nm
configure:5128: checking whether ln -s works
configure:5132: result: yes
configure:5140: checking the maximum length of command line arguments
configure:5272: result: 1572864
configure:5320: checking how to convert x86_64-pc-linux-gnu file names to x86_64-pc-linux-gnu format
configure:5361: result: func_convert_file_noop
configure:5368: checking how to convert x86_64-pc-linux-gnu file names to toolchain format
configure:5389: result: func_convert_file_noop
configure:5396: checking for /usr/bin/ld option to reload object files
configure:5404: result: -r
configure:5483: checking for file
configure:5504: found /usr/bin/file
configure:5515: result: file
configure:5591: checking for objdump
configure:5612: found /usr/bin/objdump
configure:5623: result: objdump
configure:5655: checking how to recognize dependent libraries
configure:5856: result: pass_all
configure:5946: checking for dlltool
configure:5981: result: no
configure:6011: checking how to associate runtime and link libraries
configure:6039: result: printf %s\n
configure:6105: checking for ar
configure:6126: found /usr/bin/ar
configure:6137: result: ar
configure:6190: checking for archiver @FILE support
configure:6208: gcc -c -g -O2  conftest.c >&5
configure:6208: $? = 0
configure:6212: ar cr libconftest.a @conftest.lst >&5
configure:6215: $? = 0
configure:6220: ar cr libconftest.a @conftest.lst >&5
ar: conftest.o: No such file or directory
configure:6223: $? = 1
configure:6235: result: @
configure:6298: checking for strip
configure:6319: found /usr/bin/strip
configure:6330: result: strip
configure:6407: checking for ranlib
configure:6428: found /usr/bin/ranlib
configure:6439: result: ranlib
configure:6516: checking for gawk
configure:6537: found /usr/bin/gawk
configure:6548: result: gawk
configure:6588: checking command to parse /usr/bin/nm -B output from gcc object
configure:6742: gcc -c -g -O2  conftest.c >&5
configure:6745: $? = 0
configure:6749: /usr/bin/nm -B conftest.o | /usr/bin/sed -n -e 's/^.*[	 ]\([ABCDGIRSTW][ABCDGIRSTW]*\)[	 ][	 ]*\([_A-Za-z][_A-Za-z0-9]*\)$/\1 \2 \2/p' | /usr/bin/sed '/ __gnu_lto/d' > conftest.nm
configure:6815: gcc -o conftest -g -O2   conftest.c conftstm.o >&5
configure:6818: $? = 0
configure:6856: result: ok
configure:6903: checking for sysroot
configure:6934: result: no
configure:6941: checking for a working dd
configure:6985: result: /usr/bin/dd
configure:6989: checking how to truncate binary pipes
configure:7005: result: /usr/bin/dd bs=4096 count=1
configure:7142: gcc -c -g -O2  conftest.c >&5
configure:7145: $? = 0
configure:7342: checking for mt
configure:7377: result: no
configure:7397: checking if : is a manifest tool
configure:7404: : '-?'
configure:7412: result: no
configure:8137: checking for stdio.h
configure:8137: gcc -c -g -O2  conftest.c >&5
configure:8137: $? = 0
configure:8137: result: yes
configure:8137: checking for stdlib.h
configure:8137: gcc -c -g -O2  conftest.c >&5
configure:8137: $? = 0
configure:8137: result: yes
configure:8137: checking for string.h
configure:8137: gcc -c -g -O2  conftest.c >&5
configure:8137: $? = 0
configure:8137: result: yes
configure:8137: checking for inttypes.h
configure:8137: gcc -c -g -O2  conftest.c >&5
configure:8137: $? = 0
configure:8137: result: yes
configure:8137: checking for stdint.h
configure:8137: gcc -c -g -O2  conftest.c >&5
configure:8137: $? = 0
configure:8137: result: yes
configure:8137: checking for strings.h
configure:8137: gcc -c -g -O2  conftest.c >&5
configure:8137: $? = 0
configure:8137: result: yes
configure:8137: checking for sys/stat.h
configure:8137: gcc -c -g -O2  conftest.c >&5
configure:8137: $? = 0
configure:8137: result: yes
configure:8137: checking for sys/types.h
configure:8137: gcc -c -g -O2  conftest.c >&5
configure:8137: $? = 0
configure:8137: result: yes
configure:8137: checking for unistd.h
configure:8137: gcc -c -g -O2  conftest.c >&5
configure:8137: $? = 0
configure:8137: result: yes
configure:8162: checking for dlfcn.h
configure:8162: gcc -c -g -O2  conftest.c >&5
configure:8162: $? = 0
configure:8162: result: yes
configure:8420: checking for objdir
configure:8436: result: .libs
configure:8700: checking if gcc supports -fno-rtti -fno-exceptions
configure:8719: gcc -c -g -O2  -fno-rtti -fno-exceptions conftest.c >&5
cc1: warning: command-line option '-fno-rtti' is valid for C++/D/ObjC++ but not for C
configure:8723: $? = 0
configure:8736: result: no
configure:9100: checking for gcc option to produce PIC
configure:9108: result: -fPIC -DPIC
configure:9116: checking if gcc PIC flag -fPIC -DPIC works
configure:9135: gcc -c -g -O2  -fPIC -DPIC -DPIC conftest.c >&5
configure:9139: $? = 0
configure:9152: result: yes
configure:9181: checking if gcc static flag -static works
configure:9210: result: no
configure:9225: checking if gcc supports -c -o file.o
configure:9247: gcc -c -g -O2  -o out/conftest2.o conftest.c >&5
configure:9251: $? = 0
configure:9273: result: yes
configure:9281: checking if gcc supports -c -o file.o
configure:9329: result: yes
configure:9362: checking whether the gcc linker (/usr/bin/ld -m elf_x86_64) supports shared libraries
configure:10636: result: yes
configure:10673: checking whether -lc should be explicitly linked in
configure:10682: gcc -c -g -O2  conftest.c >&5
configure:10685: $? = 0
configure:10700: gcc -shared  -fPIC -DPIC conftest.o  -v -Wl,-soname -Wl,conftest -o conftest 2\>\&1 \| /usr/bin/grep  -lc  \>/dev/null 2\>\&1
configure:10703: $? = 0
configure:10717: result: no
configure:10877: checking dynamic linker characteristics
configure:11459: gcc -o conftest -g -O2   -Wl,-rpath -Wl,/foo conftest.c  >&5
configure:11459: $? = 0
configure:11710: result: GNU/Linux ld.so
configure:11832: checking how to hardcode library paths into programs
configure:11857: result: immediate
configure:12409: checking whether stripping libraries is possible
configure:12418: result: yes
configure:12460: checking if libtool supports shared libraries
configure:12462: result: yes
configure:12465: checking whether to build shared libraries
configure:12490: result: yes
configure:12493: checking whether to build static libraries
configure:12497: result: no
configure:12630: checking for gcc
configure:12662: result: gcc
configure:13015: checking for C compiler version
configure:13024: gcc --version >&5
gcc (GCC) 11.5.0 20240719 (Red Hat 11.5.0-11)
Copyright (C) 2021 Free Software Foundation, Inc.
This is free software; see the source for copying conditions.  There is NO
warranty; not even for MERCHANTABILITY or FITNESS FOR A PARTICULAR PURPOSE.

configure:13035: $? = 0
configure:13024: gcc -v >&5
Using built-in specs.
COLLECT_GCC=gcc
COLLECT_LTO_WRAPPER=/usr/libexec/gcc/x86_64-redhat-linux/11/lto-wrapper
OFFLOAD_TARGET_NAMES=nvptx-none
OFFLOAD_TARGET_DEFAULT=1
Target: x86_64-redhat-linux
Configured with: ../configure --enable-bootstrap --enable-host-pie --enable-host-bind-now --enable-languages=c,c++,fortran,lto --prefix=/usr --mandir=/usr/share/man --infodir=/usr/share/info --with-bugurl=http://bugzilla.redhat.com/bugzilla --enable-shared --enable-threads=posix --enable-checking=release --with-system-zlib --enable-__cxa_atexit --disable-libunwind-exceptions --enable-gnu-unique-object --enable-linker-build-id --with-gcc-major-version-only --enable-plugin --enable-initfini-array --without-isl --enable-multilib --with-linker-hash-style=gnu --enable-offload-targets=nvptx-none --without-cuda-driver --enable-gnu-indirect-function --enable-cet --with-tune=generic --with-arch_64=x86-64-v2 --with-arch_32=x86-64 --build=x86_64-redhat-linux --with-build-config=bootstrap-lto --enable-link-serialization=1
Thread model: posix
Supported LTO compression algorithms: zlib zstd
gcc version 11.5.0 20240719 (Red Hat 11.5.0-11) (GCC) 
... rest of stderr output deleted ...
configure:13035: $? = 0
configure:13024: gcc -V >&5
gcc: error: unrecognized command-line option '-V'
gcc: fatal error: no input files
compilation terminated.
configure:13035: $? = 1
configure:13024: gcc -qversion >&5
gcc: error: unrecognized command-line option '-qversion'; did you mean '--version'?
gcc: fatal error: no input files
compilation terminated.
configure:13035: $? = 1
configure:13024: gcc -version >&5
gcc: error: unrecognized command-line option '-version'
gcc: fatal error: no input files
compilation terminated.
configure:13035: $? = 1
configure:13039: checking whether the compiler supports GNU C
configure:13069: result: yes
configure:13080: checking whether gcc accepts -g
configure:13145: result: yes
configure:13165: checking for gcc option to enable C11 features
configure:13198: result: none needed
configure:13377: checking for g++
configure:13398: found /usr/bin/g++
configure:13409: result: g++
configure:13436: checking for C++ compiler version
configure:13445: g++ --version >&5
g++ (GCC) 11.5.0 20240719 (Red Hat 11.5.0-11)
Copyright (C) 2021 Free Software Foundation, Inc.
This is free software; see the source for copying conditions.  There is NO
warranty; not even for MERCHANTABILITY or FITNESS FOR A PARTICULAR PURPOSE.

configure:13456: $? = 0
configure:13445: g++ -v >&5
Using built-in specs.
COLLECT_GCC=g++
COLLECT_LTO_WRAPPER=/usr/libexec/gcc/x86_64-redhat-linux/11/lto-wrapper
OFFLOAD_TARGET_NAMES=nvptx-none
OFFLOAD_TARGET_DEFAULT=1
Target: x86_64-redhat-linux
Configured with: ../configure --enable-bootstrap --enable-host-pie --enable-host-bind-now --enable-languages=c,c++,fortran,lto --prefix=/usr --mandir=/usr/share/man --infodir=/usr/share/info --with-bugurl=http://bugzilla.redhat.com/bugzilla --enable-shared --enable-threads=posix --enable-checking=release --with-system-zlib --enable-__cxa_atexit --disable-libunwind-exceptions --enable-gnu-unique-object --enable-linker-build-id --with-gcc-major-version-only --enable-plugin --enable-initfini-array --without-isl --enable-multilib --with-linker-hash-style=gnu --enable-offload-targets=nvptx-none --without-cuda-driver --enable-gnu-indirect-function --enable-cet --with-tune=generic --with-arch_64=x86-64-v2 --with-arch_32=x86-64 --build=x86_64-redhat-linux --with-build-config=bootstrap-lto --enable-link-serialization=1
Thread model: posix
Supported LTO compression algorithms: zlib zstd
gcc version 11.5.0 20240719 (Red Hat 11.5.0-11) (GCC) 
... rest of stderr output deleted ...
configure:13456: $? = 0
configure:13445: g++ -V >&5
g++: error: unrecognized command-line option '-V'
g++: fatal error: no input files
compilation terminated.
configure:13456: $? = 1
configure:13445: g++ -qversion >&5
g++: error: unrecognized command-line option '-qversion'; did you mean '--version'?
g++: fatal error: no input files
compilation terminated.
configure:13456: $? = 1
configure:13460: checking whether the compiler supports GNU C++
configure:13480: g++ -c   conftest.cpp >&5
configure:13480: $? = 0
configure:13490: result: yes
configure:13501: checking whether g++ accepts -g
configure:13522: g++ -c -g  conftest.cpp >&5
configure:13522: $? = 0
configure:13566: result: yes
configure:13586: checking for g++ option to enable C++11 features
configure:13601: g++  -c -g -O2  conftest.cpp >&5
conftest.cpp: In function 'int main(int, char**)':
conftest.cpp:187:25: warning: empty parentheses were disambiguated as a function declaration [-Wvexing-parse]
  187 |   cxx11test::delegate d2();
      |                         ^~
conftest.cpp:187:25: note: remove parentheses to default-initialize a variable
  187 |   cxx11test::delegate d2();
      |                         ^~
      |                         --
conftest.cpp:187:25: note: or replace parentheses with braces to value-initialize a variable
configure:13601: $? = 0
configure:13619: result: none needed
configure:13701: checking how to run the C++ preprocessor
configure:13723: g++ -E  conftest.cpp
configure:13723: $? = 0
configure:13738: g++ -E  conftest.cpp
conftest.cpp:21:10: fatal error: ac_nonexistent.h: No such file or directory
   21 | #include <ac_nonexistent.h>
      |          ^~~~~~~~~~~~~~~~~~
compilation terminated.
configure:13738: $? = 1
configure: failed program was:
| /* confdefs.h */
| #define PACKAGE_NAME "ffabi"
| #define PACKAGE_TARNAME "ffabi"
| #define PACKAGE_VERSION "0"
| #define PACKAGE_STRING "ffabi 0"
| #define PACKAGE_BUGREPORT ""
| #define PACKAGE_URL ""
| #define HAVE_STDIO_H 1
| #define HAVE_STDLIB_H 1
| #define HAVE_STRING_H 1
| #define HAVE_INTTYPES_H 1
| #define HAVE_STDINT_H 1
| #define HAVE_STRINGS_H 1
| #define HAVE_SYS_STAT_H 1
| #define HAVE_SYS_TYPES_H 1
| #define HAVE_UNISTD_H 1
| #define STDC_HEADERS 1
| #define HAVE_DLFCN_H 1
| #define LT_OBJDIR ".libs/"
| /* end confdefs.h.  */
| #include <ac_nonexistent.h>
configure:13765: result: g++ -E
configure:13779: g++ -E  conftest.cpp
configure:13779: $? = 0
configure:13794: g++ -E  conftest.cpp
conftest.cpp:21:10: fatal error: ac_nonexistent.h: No such file or directory
   21 | #include <ac_nonexistent.h>
      |          ^~~~~~~~~~~~~~~~~~
compilation terminated.
configure:13794: $? = 1
configure: failed program was:
| /* confdefs.h */
| #define PACKAGE_NAME "ffabi"
| #define PACKAGE_TARNAME "ffabi"
| #define PACKAGE_VERSION "0"
| #define PACKAGE_STRING "ffabi 0"
| #define PACKAGE_BUGREPORT ""
| #define PACKAGE_URL ""
| #define HAVE_STDIO_H 1
| #define HAVE_STDLIB_H 1
| #define HAVE_STRING_H 1
| #define HAVE_INTTYPES_H 1
| #define HAVE_STDINT_H 1
| #define HAVE_STRINGS_H 1
| #define HAVE_SYS_STAT_H 1
| #define HAVE_SYS_TYPES_H 1
| #define HAVE_UNISTD_H 1
| #define STDC_HEADERS 1
| #define HAVE_DLFCN_H 1
| #define LT_OBJDIR ".libs/"
| /* end confdefs.h.  */
| #include <ac_nonexistent.h>
configure:13959: checking for ld used by g++
configure:14027: result: /usr/bin/ld -m elf_x86_64
configure:14034: checking if the linker (/usr/bin/ld -m elf_x86_64) is GNU ld
configure:14050: result: yes
configure:14105: checking whether the g++ linker (/usr/bin/ld -m elf_x86_64) supports shared libraries
configure:15183: result: yes
configure:15219: g++ -c -g -O2  conftest.cpp >&5
configure:15222: $? = 0
configure:15703: checking for g++ option to produce PIC
configure:15711: result: -fPIC -DPIC
configure:15719: checking if g++ PIC flag -fPIC -DPIC works
configure:15738: g++ -c -g -O2  -fPIC -DPIC -DPIC conftest.cpp >&5
configure:15742: $? = 0
configure:15755: result: yes
configure:15778: checking if g++ static flag -static works
configure:15807: result: no
configure:15819: checking if g++ supports -c -o file.o
configure:15841: g++ -c -g -O2  -o out/conftest2.o conftest.cpp >&5
configure:15845: $? = 0
configure:15867: result: yes
configure:15872: checking if g++ supports -c -o file.o
configure:15920: result: yes
configure:15950: checking whether the g++ linker (/usr/bin/ld -m elf_x86_64) supports shared libraries
configure:15993: result: yes
configure:16135: checking dynamic linker characteristics
configure:16895: result: GNU/Linux ld.so
configure:16960: checking how to hardcode library paths into programs
configure:16985: result: immediate
configure:17027: checking for -objcopy
configure:17062: result: no
configure:17072: checking for objcopy
configure:17093: found /usr/bin/objcopy
configure:17105: result: objcopy
configure:17122: checking for -ld
configure:17154: result: /usr/bin/ld -m elf_x86_64
configure:17230: checking for a BSD-compatible install
configure:17303: result: /usr/bin/install -c
configure:17331: checking whether g++ supports C++11 features with -std=c++11
configure:17634: g++ -std=c++11 -c -g -O2  conftest.cpp >&5
configure:17634: $? = 0
configure:17644: result: yes
configure:17695: checking for zlib.h
configure:17695: gcc -c -g -O2  conftest.c >&5
configure:17695: $? = 0
configure:17695: result: yes
configure:17710: checking for compress2 in -lz
configure:17733: gcc -o conftest -g -O2   conftest.c -lz   >&5
configure:17733: $? = 0
configure:17743: result: yes
configure:17761: checking for openssl/opensslconf.h
configure:17761: gcc -c -g -O2  conftest.c >&5
configure:17761: $? = 0
configure:17761: result: yes
configure:17776: checking for AES_encrypt in -lcrypto
configure:17799: gcc -o conftest -g -O2   conftest.c -lcrypto   >&5
configure:17799: $? = 0
configure:17809: result: yes
configure:17827: checking for expat.h
configure:17827: gcc -c -g -O2  conftest.c >&5
configure:17827: $? = 0
configure:17827: result: yes
configure:17842: checking for XML_ParserCreate in -lexpat
configure:17865: gcc -o conftest -g -O2   conftest.c -lexpat   >&5
configure:17865: $? = 0
configure:17875: result: yes
configure:17950: checking for pkg-config
configure:17973: found /usr/bin/pkg-config
configure:17985: result: /usr/bin/pkg-config
configure:18010: checking pkg-config is at least version 0.9.0
configure:18013: result: yes
configure:18023: checking for libavcodec libavutil
configure:18030: $PKG_CONFIG --exists --print-errors "libavcodec libavutil"
configure:18033: $? = 0
configure:18047: $PKG_CONFIG --exists --print-errors "libavcodec libavutil"
configure:18050: $? = 0
configure:18088: result: yes
configure:18100: checking for gcc options needed to detect all undeclared functions
configure:18122: gcc -c -g -O2  -I/usr/include/ffmpeg  conftest.c >&5
conftest.c: In function 'main':
conftest.c:29:8: error: 'strchr' undeclared (first use in this function)
   29 | (void) strchr;
      |        ^~~~~~
conftest.c:1:1: note: 'strchr' is defined in header '<string.h>'; did you forget to '#include <string.h>'?
    1 | /* confdefs.h */
conftest.c:29:8: note: each undeclared identifier is reported only once for each function it appears in
   29 | (void) strchr;
      |        ^~~~~~
configure:18122: $? = 1
configure: failed program was:
| /* confdefs.h */
| #define PACKAGE_NAME "ffabi"
| #define PACKAGE_TARNAME "ffabi"
| #define PACKAGE_VERSION "0"
| #define PACKAGE_STRING "ffabi 0"
| #define PACKAGE_BUGREPORT ""
| #define PACKAGE_URL ""
| #define HAVE_STDIO_H 1
| #define HAVE_STDLIB_H 1
| #define HAVE_STRING_H 1
| #define HAVE_INTTYPES_H 1
| #define HAVE_STDINT_H 1
| #define HAVE_STRINGS_H 1
| #define HAVE_SYS_STAT_H 1
| #define HAVE_SYS_TYPES_H 1
| #define HAVE_UNISTD_H 1
| #define STDC_HEADERS 1
| #define HAVE_DLFCN_H 1
| #define LT_OBJDIR ".libs/"
| #define HAVE_CXX11 1
| #define HAVE_ZLIB_H 1
| #define HAVE_OPENSSL_OPENSSLCONF_H 1
| #define HAVE_EXPAT_H 1
| /* end confdefs.h.  */
| 
| int
| main (void)
| {
| (void) strchr;
|   ;
|   return 0;
| }
configure:18149: gcc -c -g -O2  -I/usr/include/ffmpeg  conftest.c >&5
configure:18149: $? = 0
configure:18166: result: none needed
configure:18180: checking whether LIBAVCODEC_VERSION_MAJOR is declared
configure:18180: gcc -c -g -O2  -I/usr/include/ffmpeg  conftest.c >&5
configure:18180: $? = 0
configure:18180: result: yes
configure:18194: checking LIBAVCODEC_VERSION_MAJOR
configure:18196: gcc -o conftest -g -O2 -I/usr/include/ffmpeg   conftest.c -lavcodec -lavutil  -lrt >&5
configure:18196: $? = 0
configure:18196: ./conftest
configure:18196: $? = 0
configure:18212: result: 59
configure:18220: checking whether avcodec_send_frame is declared
configure:18220: gcc -c -g -O2  -I/usr/include/ffmpeg  conftest.c >&5
configure:18220: $? = 0
configure:18220: result: yes
configure:18243: checking for struct AVChannelLayout
configure:18243: gcc -c -g -O2 -I/usr/include/ffmpeg  conftest.c >&5
configure:18243: $? = 0
configure:18243: gcc -c -g -O2 -I/usr/include/ffmpeg  conftest.c >&5
conftest.c: In function 'main':
conftest.c:31:37: error: expected expression before ')' token
   31 | if (sizeof ((struct AVChannelLayout)))
      |                                     ^
configure:18243: $? = 1
configure: failed program was:
| /* confdefs.h */
| #define PACKAGE_NAME "ffabi"
| #define PACKAGE_TARNAME "ffabi"
| #define PACKAGE_VERSION "0"
| #define PACKAGE_STRING "ffabi 0"
| #define PACKAGE_BUGREPORT ""
| #define PACKAGE_URL ""
| #define HAVE_STDIO_H 1
| #define HAVE_STDLIB_H 1
| #define HAVE_STRING_H 1
| #define HAVE_INTTYPES_H 1
| #define HAVE_STDINT_H 1
| #define HAVE_STRINGS_H 1
| #define HAVE_SYS_STAT_H 1
| #define HAVE_SYS_TYPES_H 1
| #define HAVE_UNISTD_H 1
| #define STDC_HEADERS 1
| #define HAVE_DLFCN_H 1
| #define LT_OBJDIR ".libs/"
| #define HAVE_CXX11 1
| #define HAVE_ZLIB_H 1
| #define HAVE_OPENSSL_OPENSSLCONF_H 1
| #define HAVE_EXPAT_H 1
| #define FFABI_HAVE_AVCODEC_SEND_FRAME 1
| /* end confdefs.h.  */
| #include <libavcodec/avcodec.h>
| 
| int
| main (void)
| {
| if (sizeof ((struct AVChannelLayout)))
| 	    return 0;
|   ;
|   return 0;
| }
configure:18243: result: yes
configure:18257: checking for av_log_format_line
configure:18257: gcc -o conftest -g -O2 -I/usr/include/ffmpeg   conftest.c -lavcodec -lavutil  -lrt >&5
configure:18257: $? = 0
configure:18257: result: yes
configure:18268: checking for AVCodecParserContext.duration
configure:18268: gcc -c -g -O2 -I/usr/include/ffmpeg  conftest.c >&5
configure:18268: $? = 0
configure:18268: result: yes
configure:18280: checking for av_codec_iterate
configure:18280: gcc -o conftest -g -O2 -I/usr/include/ffmpeg   conftest.c -lavcodec -lavutil  -lrt >&5
configure:18280: $? = 0
configure:18280: result: yes
configure:18505: creating ./config.status

## ---------------------- ##
## Running config.status. ##
## ---------------------- ##

This file was extended by ffabi config.status 0, which was
generated by GNU Autoconf 2.71.  Invocation command line was

  CONFIG_FILES    = 
  CONFIG_HEADERS  = 
  CONFIG_LINKS    = 
  CONFIG_COMMANDS = 
  $ ./config.status 

on rawserver

config.status:1129: creating Makefile
config.status:1129: creating libffabi/src/ffabicfg.h
config.status:1318: executing libtool commands

## ---------------- ##
## Cache variables. ##
## ---------------- ##

ac_cv_build=x86_64-pc-linux-gnu
ac_cv_c_compiler_gnu=yes
ac_cv_c_undeclared_builtin_options='none needed'
ac_cv_cxx_compiler_gnu=yes
ac_cv_env_CCC_set=
ac_cv_env_CCC_value=
ac_cv_env_CC_set=
ac_cv_env_CC_value=
ac_cv_env_CFLAGS_set=
ac_cv_env_CFLAGS_value=
ac_cv_env_CPPFLAGS_set=
ac_cv_env_CPPFLAGS_value=
ac_cv_env_CXXCPP_set=
ac_cv_env_CXXCPP_value=
ac_cv_env_CXXFLAGS_set=
ac_cv_env_CXXFLAGS_value=
ac_cv_env_CXX_set=
ac_cv_env_CXX_value=
ac_cv_env_DESTDIR_set=
ac_cv_env_DESTDIR_value=
ac_cv_env_LDFLAGS_set=
ac_cv_env_LDFLAGS_value=
ac_cv_env_LIBS_set=
ac_cv_env_LIBS_value=
ac_cv_env_LT_SYS_LIBRARY_PATH_set=
ac_cv_env_LT_SYS_LIBRARY_PATH_value=
ac_cv_env_PKG_CONFIG_LIBDIR_set=
ac_cv_env_PKG_CONFIG_LIBDIR_value=
ac_cv_env_PKG_CONFIG_PATH_set=
ac_cv_env_PKG_CONFIG_PATH_value=
ac_cv_env_PKG_CONFIG_set=
ac_cv_env_PKG_CONFIG_value=
ac_cv_env_build_alias_set=
ac_cv_env_build_alias_value=
ac_cv_env_ffmpeg_CFLAGS_set=
ac_cv_env_ffmpeg_CFLAGS_value=
ac_cv_env_ffmpeg_LIBS_set=
ac_cv_env_ffmpeg_LIBS_value=
ac_cv_env_host_alias_set=
ac_cv_env_host_alias_value=
ac_cv_env_qt5_CFLAGS_set=
ac_cv_env_qt5_CFLAGS_value=
ac_cv_env_qt5_LIBS_set=
ac_cv_env_qt5_LIBS_value=
ac_cv_env_target_alias_set=
ac_cv_env_target_alias_value=
ac_cv_func_av_codec_iterate=yes
ac_cv_func_av_log_format_line=yes
ac_cv_have_decl_LIBAVCODEC_VERSION_MAJOR=yes
ac_cv_have_decl_avcodec_send_frame=yes
ac_cv_header_dlfcn_h=yes
ac_cv_header_expat_h=yes
ac_cv_header_inttypes_h=yes
ac_cv_header_openssl_opensslconf_h=yes
ac_cv_header_stdint_h=yes
ac_cv_header_stdio_h=yes
ac_cv_header_stdlib_h=yes
ac_cv_header_string_h=yes
ac_cv_header_strings_h=yes
ac_cv_header_sys_stat_h=yes
ac_cv_header_sys_types_h=yes
ac_cv_header_unistd_h=yes
ac_cv_header_zlib_h=yes
ac_cv_host=x86_64-pc-linux-gnu
ac_cv_lib_crypto_AES_encrypt=yes
ac_cv_lib_expat_XML_ParserCreate=yes
ac_cv_lib_z_compress2=yes
ac_cv_member_AVCodecParserContext_duration=yes
ac_cv_objext=o
ac_cv_path_EGREP='/usr/bin/grep -E'
ac_cv_path_FGREP='/usr/bin/grep -F'
ac_cv_path_GREP=/usr/bin/grep
ac_cv_path_SED=/usr/bin/sed
ac_cv_path_ac_pt_PKG_CONFIG=/usr/bin/pkg-config
ac_cv_path_install='/usr/bin/install -c'
ac_cv_path_lt_DD=/usr/bin/dd
ac_cv_prog_AWK=gawk
ac_cv_prog_CXXCPP='g++ -E'
ac_cv_prog_LD='/usr/bin/ld -m elf_x86_64'
ac_cv_prog_ac_ct_AR=ar
ac_cv_prog_ac_ct_CC=gcc
ac_cv_prog_ac_ct_CXX=g++
ac_cv_prog_ac_ct_FILECMD=file
ac_cv_prog_ac_ct_OBJCOPY=objcopy
ac_cv_prog_ac_ct_OBJDUMP=objdump
ac_cv_prog_ac_ct_RANLIB=ranlib
ac_cv_prog_ac_ct_STRIP=strip
ac_cv_prog_cc_c11=
ac_cv_prog_cc_g=yes
ac_cv_prog_cc_stdc=
ac_cv_prog_cxx_cxx11=
ac_cv_prog_cxx_g=yes
ac_cv_prog_cxx_stdcxx=
ac_cv_target=x86_64-pc-linux-gnu
ac_cv_type_struct_AVChannelLayout=yes
ax_cv_cxx_compile_cxx11__std_cpp11=yes
lt_cv_ar_at_file=@
lt_cv_archive_cmds_need_lc=no
lt_cv_deplibs_check_method=pass_all
lt_cv_file_magic_cmd='$MAGIC_CMD'
lt_cv_file_magic_test_file=
lt_cv_ld_reload_flag=-r
lt_cv_nm_interface='BSD nm'
lt_cv_objdir=.libs
lt_cv_path_LD=/usr/bin/ld
lt_cv_path_LDCXX='/usr/bin/ld -m elf_x86_64'
lt_cv_path_NM='/usr/bin/nm -B'
lt_cv_path_mainfest_tool=no
lt_cv_prog_compiler_c_o=yes
lt_cv_prog_compiler_c_o_CXX=yes
lt_cv_prog_compiler_pic='-fPIC -DPIC'
lt_cv_prog_compiler_pic_CXX='-fPIC -DPIC'
lt_cv_prog_compiler_pic_works=yes
lt_cv_prog_compiler_pic_works_CXX=yes
lt_cv_prog_compiler_rtti_exceptions=no
lt_cv_prog_compiler_static_works=no
lt_cv_prog_compiler_static_works_CXX=no
lt_cv_prog_gnu_ld=yes
lt_cv_prog_gnu_ldcxx=yes
lt_cv_sharedlib_from_linklib_cmd='printf %s\n'
lt_cv_shlibpath_overrides_runpath=no
lt_cv_sys_global_symbol_pipe='/usr/bin/sed -n -e '\''s/^.*[	 ]\([ABCDGIRSTW][ABCDGIRSTW]*\)[	 ][	 ]*\([_A-Za-z][_A-Za-z0-9]*\)$/\1 \2 \2/p'\'' | /usr/bin/sed '\''/ __gnu_lto/d'\'''
lt_cv_sys_global_symbol_to_c_name_address='/usr/bin/sed -n -e '\''s/^: \(.*\) .*$/  {"\1", (void *) 0},/p'\'' -e '\''s/^[ABCDGIRSTW][ABCDGIRSTW]* .* \(.*\)$/  {"\1", (void *) \&\1},/p'\'''
lt_cv_sys_global_symbol_to_c_name_address_lib_prefix='/usr/bin/sed -n -e '\''s/^: \(.*\) .*$/  {"\1", (void *) 0},/p'\'' -e '\''s/^[ABCDGIRSTW][ABCDGIRSTW]* .* \(lib.*\)$/  {"\1", (void *) \&\1},/p'\'' -e '\''s/^[ABCDGIRSTW][ABCDGIRSTW]* .* \(.*\)$/  {"lib\1", (void *) \&\1},/p'\'''
lt_cv_sys_global_symbol_to_cdecl='/usr/bin/sed -n -e '\''s/^T .* \(.*\)$/extern int \1();/p'\'' -e '\''s/^[ABCDGIRSTW][ABCDGIRSTW]* .* \(.*\)$/extern char \1;/p'\'''
lt_cv_sys_global_symbol_to_import=
lt_cv_sys_max_cmd_len=1572864
lt_cv_to_host_file_cmd=func_convert_file_noop
lt_cv_to_tool_file_cmd=func_convert_file_noop
lt_cv_truncate_bin='/usr/bin/dd bs=4096 count=1'
pkg_cv_ffmpeg_CFLAGS='-I/usr/include/ffmpeg '
pkg_cv_ffmpeg_LIBS='-lavcodec -lavutil '

## ----------------- ##
## Output variables. ##
## ----------------- ##

AR='ar'
AWK='gawk'
CC='gcc'
CFLAGS='-g -O2'
CPPFLAGS=''
CXX='g++ -std=c++11'
CXXCPP='g++ -E -std=c++11'
CXXFLAGS='-g -O2'
DEFS='-DHAVE_CONFIG_H'
DESTDIR=''
DLLTOOL='false'
DSYMUTIL=''
DUMPBIN=''
ECHO_C=''
ECHO_N='-n'
ECHO_T=''
EGREP='/usr/bin/grep -E'
ENABLE_DEBUG='no'
ENABLE_GUI='no'
EXEEXT=''
FGREP='/usr/bin/grep -F'
FILECMD='file'
GREP='/usr/bin/grep'
HAVE_CXX11='1'
INSTALL_DATA='${INSTALL} -m 644'
INSTALL_PROGRAM='${INSTALL}'
INSTALL_SCRIPT='${INSTALL}'
LD='/usr/bin/ld -m elf_x86_64'
LDFLAGS=''
LIBOBJS=''
LIBS=''
LIBTOOL='$(SHELL) $(top_builddir)/libtool'
LIPO=''
LN_S='ln -s'
LTLIBOBJS=''
LT_SYS_LIBRARY_PATH=''
MANIFEST_TOOL=':'
NM='/usr/bin/nm -B'
NMEDIT=''
NO_EC_DEF=''
OBJCOPY='objcopy'
OBJDUMP='objdump'
OBJEXT='o'
OTOOL64=''
OTOOL=''
PACKAGE_BUGREPORT=''
PACKAGE_NAME='ffabi'
PACKAGE_STRING='ffabi 0'
PACKAGE_TARNAME='ffabi'
PACKAGE_URL=''
PACKAGE_VERSION='0'
PATH_SEPARATOR=':'
PKG_CONFIG='/usr/bin/pkg-config'
PKG_CONFIG_LIBDIR=''
PKG_CONFIG_PATH=''
QT_CFLAGS=''
QT_INC=''
QT_LIB=''
QT_MOC=''
RANLIB='ranlib'
SED='/usr/bin/sed'
SHELL='/bin/sh'
STRIP='strip'
ac_ct_AR='ar'
ac_ct_CC='gcc'
ac_ct_CXX='g++'
ac_ct_DUMPBIN=''
bindir='${exec_prefix}/bin'
build='x86_64-pc-linux-gnu'
build_alias=''
build_cpu='x86_64'
build_os='linux-gnu'
build_vendor='pc'
datadir='${datarootdir}'
datarootdir='${prefix}/share'
docdir='${datarootdir}/doc/${PACKAGE_TARNAME}'
dvidir='${docdir}'
exec_prefix='${prefix}'
ffmpeg_CFLAGS='-I/usr/include/ffmpeg '
ffmpeg_LIBS='-lavcodec -lavutil '
host='x86_64-pc-linux-gnu'
host_alias=''
host_cpu='x86_64'
host_os='linux-gnu'
host_vendor='pc'
htmldir='${docdir}'
includedir='${prefix}/include'
infodir='${datarootdir}/info'
libdir='${exec_prefix}/lib64'
libexecdir='${exec_prefix}/libexec'
localedir='${datarootdir}/locale'
localstatedir='/var'
mandir='${datarootdir}/man'
oldincludedir='/usr/include'
pdfdir='${docdir}'
prefix='/usr'
program_transform_name='s,x,x,'
psdir='${docdir}'
qt5_CFLAGS=''
qt5_LIBS=''
runstatedir='${localstatedir}/run'
sbindir='${exec_prefix}/sbin'
sharedstatedir='/var'
sysconfdir='/etc'
target='x86_64-pc-linux-gnu'
target_alias=''
target_cpu='x86_64'
target_os='linux-gnu'
target_vendor='pc'

## ----------- ##
## confdefs.h. ##
## ----------- ##

/* confdefs.h */
#define PACKAGE_NAME "ffabi"
#define PACKAGE_TARNAME "ffabi"
#define PACKAGE_VERSION "0"
#define PACKAGE_STRING "ffabi 0"
#define PACKAGE_BUGREPORT ""
#define PACKAGE_URL ""
#define HAVE_STDIO_H 1
#define HAVE_STDLIB_H 1
#define HAVE_STRING_H 1
#define HAVE_INTTYPES_H 1
#define HAVE_STDINT_H 1
#define HAVE_STRINGS_H 1
#define HAVE_SYS_STAT_H 1
#define HAVE_SYS_TYPES_H 1
#define HAVE_UNISTD_H 1
#define STDC_HEADERS 1
#define HAVE_DLFCN_H 1
#define LT_OBJDIR ".libs/"
#define HAVE_CXX11 1
#define HAVE_ZLIB_H 1
#define HAVE_OPENSSL_OPENSSLCONF_H 1
#define HAVE_EXPAT_H 1
#define FFABI_HAVE_AVCODEC_SEND_FRAME 1
#define FFABI_HAVE_AV_LOG_FORMAT_LINE 1
#define FFABI_HAVE_PARSER_DURATION 1
#define FFABI_HAVE_AV_CODEC_ITERATE 1

configure: exit 0
